<?xml version="1.0" encoding="UTF-8"?>
<testsuite xmlns:xsi="http://www.w3.org/2001/XMLSchema-instance" xsi:noNamespaceSchemaLocation="https://maven.apache.org/surefire/maven-surefire-plugin/xsd/surefire-test-report.xsd" name="com.cloud.lth.pay.PayApplicationTests" time="13.803" tests="1" errors="0" skipped="0" failures="0">
  <properties>
    <property name="sun.desktop" value="windows"/>
    <property name="awt.toolkit" value="sun.awt.windows.WToolkit"/>
    <property name="file.encoding.pkg" value="sun.io"/>
    <property name="java.specification.version" value="1.8"/>
    <property name="sun.cpu.isalist" value="amd64"/>
    <property name="sun.jnu.encoding" value="GBK"/>
    <property name="java.class.path" value="D:\workspaceforIdea\pay\target\test-classes;D:\workspaceforIdea\pay\target\classes;D:\server\mostMaven\org\springframework\boot\spring-boot-starter-data-redis\2.3.0.RELEASE\spring-boot-starter-data-redis-2.3.0.RELEASE.jar;D:\server\mostMaven\org\springframework\boot\spring-boot-starter\2.3.0.RELEASE\spring-boot-starter-2.3.0.RELEASE.jar;D:\server\mostMaven\org\springframework\boot\spring-boot-starter-logging\2.3.0.RELEASE\spring-boot-starter-logging-2.3.0.RELEASE.jar;D:\server\mostMaven\ch\qos\logback\logback-classic\1.2.3\logback-classic-1.2.3.jar;D:\server\mostMaven\ch\qos\logback\logback-core\1.2.3\logback-core-1.2.3.jar;D:\server\mostMaven\org\apache\logging\log4j\log4j-to-slf4j\2.13.2\log4j-to-slf4j-2.13.2.jar;D:\server\mostMaven\org\apache\logging\log4j\log4j-api\2.13.2\log4j-api-2.13.2.jar;D:\server\mostMaven\org\slf4j\jul-to-slf4j\1.7.30\jul-to-slf4j-1.7.30.jar;D:\server\mostMaven\jakarta\annotation\jakarta.annotation-api\1.3.5\jakarta.annotation-api-1.3.5.jar;D:\server\mostMaven\org\yaml\snakeyaml\1.26\snakeyaml-1.26.jar;D:\server\mostMaven\org\springframework\data\spring-data-redis\2.3.0.RELEASE\spring-data-redis-2.3.0.RELEASE.jar;D:\server\mostMaven\org\springframework\data\spring-data-keyvalue\2.3.0.RELEASE\spring-data-keyvalue-2.3.0.RELEASE.jar;D:\server\mostMaven\org\springframework\data\spring-data-commons\2.3.0.RELEASE\spring-data-commons-2.3.0.RELEASE.jar;D:\server\mostMaven\org\springframework\spring-tx\5.2.6.RELEASE\spring-tx-5.2.6.RELEASE.jar;D:\server\mostMaven\org\springframework\spring-oxm\5.2.6.RELEASE\spring-oxm-5.2.6.RELEASE.jar;D:\server\mostMaven\org\springframework\spring-aop\5.2.6.RELEASE\spring-aop-5.2.6.RELEASE.jar;D:\server\mostMaven\org\springframework\spring-context-support\5.2.6.RELEASE\spring-context-support-5.2.6.RELEASE.jar;D:\server\mostMaven\org\slf4j\slf4j-api\1.7.30\slf4j-api-1.7.30.jar;D:\server\mostMaven\io\lettuce\lettuce-core\5.3.0.RELEASE\lettuce-core-5.3.0.RELEASE.jar;D:\server\mostMaven\io\netty\netty-common\4.1.49.Final\netty-common-4.1.49.Final.jar;D:\server\mostMaven\io\netty\netty-handler\4.1.49.Final\netty-handler-4.1.49.Final.jar;D:\server\mostMaven\io\netty\netty-resolver\4.1.49.Final\netty-resolver-4.1.49.Final.jar;D:\server\mostMaven\io\netty\netty-buffer\4.1.49.Final\netty-buffer-4.1.49.Final.jar;D:\server\mostMaven\io\netty\netty-codec\4.1.49.Final\netty-codec-4.1.49.Final.jar;D:\server\mostMaven\io\netty\netty-transport\4.1.49.Final\netty-transport-4.1.49.Final.jar;D:\server\mostMaven\io\projectreactor\reactor-core\3.3.5.RELEASE\reactor-core-3.3.5.RELEASE.jar;D:\server\mostMaven\org\reactivestreams\reactive-streams\1.0.3\reactive-streams-1.0.3.jar;D:\server\mostMaven\org\springframework\boot\spring-boot-starter-web\2.3.0.RELEASE\spring-boot-starter-web-2.3.0.RELEASE.jar;D:\server\mostMaven\org\springframework\boot\spring-boot-starter-json\2.3.0.RELEASE\spring-boot-starter-json-2.3.0.RELEASE.jar;D:\server\mostMaven\com\fasterxml\jackson\core\jackson-databind\2.11.0\jackson-databind-2.11.0.jar;D:\server\mostMaven\com\fasterxml\jackson\core\jackson-annotations\2.11.0\jackson-annotations-2.11.0.jar;D:\server\mostMaven\com\fasterxml\jackson\core\jackson-core\2.11.0\jackson-core-2.11.0.jar;D:\server\mostMaven\com\fasterxml\jackson\datatype\jackson-datatype-jdk8\2.11.0\jackson-datatype-jdk8-2.11.0.jar;D:\server\mostMaven\com\fasterxml\jackson\datatype\jackson-datatype-jsr310\2.11.0\jackson-datatype-jsr310-2.11.0.jar;D:\server\mostMaven\com\fasterxml\jackson\module\jackson-module-parameter-names\2.11.0\jackson-module-parameter-names-2.11.0.jar;D:\server\mostMaven\org\springframework\boot\spring-boot-starter-tomcat\2.3.0.RELEASE\spring-boot-starter-tomcat-2.3.0.RELEASE.jar;D:\server\mostMaven\org\apache\tomcat\embed\tomcat-embed-core\9.0.35\tomcat-embed-core-9.0.35.jar;D:\server\mostMaven\org\glassfish\jakarta.el\3.0.3\jakarta.el-3.0.3.jar;D:\server\mostMaven\org\apache\tomcat\embed\tomcat-embed-websocket\9.0.35\tomcat-embed-websocket-9.0.35.jar;D:\server\mostMaven\org\springframework\spring-web\5.2.6.RELEASE\spring-web-5.2.6.RELEASE.jar;D:\server\mostMaven\org\springframework\spring-beans\5.2.6.RELEASE\spring-beans-5.2.6.RELEASE.jar;D:\server\mostMaven\org\springframework\spring-webmvc\5.2.6.RELEASE\spring-webmvc-5.2.6.RELEASE.jar;D:\server\mostMaven\org\springframework\spring-context\5.2.6.RELEASE\spring-context-5.2.6.RELEASE.jar;D:\server\mostMaven\org\springframework\spring-expression\5.2.6.RELEASE\spring-expression-5.2.6.RELEASE.jar;D:\server\mostMaven\org\springframework\boot\spring-boot-devtools\2.3.0.RELEASE\spring-boot-devtools-2.3.0.RELEASE.jar;D:\server\mostMaven\org\springframework\boot\spring-boot\2.3.0.RELEASE\spring-boot-2.3.0.RELEASE.jar;D:\server\mostMaven\org\springframework\boot\spring-boot-autoconfigure\2.3.0.RELEASE\spring-boot-autoconfigure-2.3.0.RELEASE.jar;D:\server\mostMaven\com\mysql\mysql-connector-j\8.1.0\mysql-connector-j-8.1.0.jar;D:\server\mostMaven\com\google\protobuf\protobuf-java\3.21.9\protobuf-java-3.21.9.jar;D:\server\mostMaven\org\projectlombok\lombok\1.18.12\lombok-1.18.12.jar;D:\server\mostMaven\org\springframework\boot\spring-boot-starter-test\2.3.0.RELEASE\spring-boot-starter-test-2.3.0.RELEASE.jar;D:\server\mostMaven\org\springframework\boot\spring-boot-test\2.3.0.RELEASE\spring-boot-test-2.3.0.RELEASE.jar;D:\server\mostMaven\org\springframework\boot\spring-boot-test-autoconfigure\2.3.0.RELEASE\spring-boot-test-autoconfigure-2.3.0.RELEASE.jar;D:\server\mostMaven\com\jayway\jsonpath\json-path\2.4.0\json-path-2.4.0.jar;D:\server\mostMaven\net\minidev\json-smart\2.3\json-smart-2.3.jar;D:\server\mostMaven\net\minidev\accessors-smart\1.2\accessors-smart-1.2.jar;D:\server\mostMaven\org\ow2\asm\asm\5.0.4\asm-5.0.4.jar;D:\server\mostMaven\jakarta\xml\bind\jakarta.xml.bind-api\2.3.3\jakarta.xml.bind-api-2.3.3.jar;D:\server\mostMaven\jakarta\activation\jakarta.activation-api\1.2.2\jakarta.activation-api-1.2.2.jar;D:\server\mostMaven\org\assertj\assertj-core\3.16.1\assertj-core-3.16.1.jar;D:\server\mostMaven\org\hamcrest\hamcrest\2.2\hamcrest-2.2.jar;D:\server\mostMaven\org\junit\jupiter\junit-jupiter\5.6.2\junit-jupiter-5.6.2.jar;D:\server\mostMaven\org\junit\jupiter\junit-jupiter-api\5.6.2\junit-jupiter-api-5.6.2.jar;D:\server\mostMaven\org\opentest4j\opentest4j\1.2.0\opentest4j-1.2.0.jar;D:\server\mostMaven\org\junit\platform\junit-platform-commons\1.6.2\junit-platform-commons-1.6.2.jar;D:\server\mostMaven\org\junit\jupiter\junit-jupiter-params\5.6.2\junit-jupiter-params-5.6.2.jar;D:\server\mostMaven\org\junit\jupiter\junit-jupiter-engine\5.6.2\junit-jupiter-engine-5.6.2.jar;D:\server\mostMaven\org\junit\vintage\junit-vintage-engine\5.6.2\junit-vintage-engine-5.6.2.jar;D:\server\mostMaven\org\apiguardian\apiguardian-api\1.1.0\apiguardian-api-1.1.0.jar;D:\server\mostMaven\org\junit\platform\junit-platform-engine\1.6.2\junit-platform-engine-1.6.2.jar;D:\server\mostMaven\junit\junit\4.13\junit-4.13.jar;D:\server\mostMaven\org\mockito\mockito-core\3.3.3\mockito-core-3.3.3.jar;D:\server\mostMaven\net\bytebuddy\byte-buddy\1.10.10\byte-buddy-1.10.10.jar;D:\server\mostMaven\net\bytebuddy\byte-buddy-agent\1.10.10\byte-buddy-agent-1.10.10.jar;D:\server\mostMaven\org\objenesis\objenesis\2.6\objenesis-2.6.jar;D:\server\mostMaven\org\mockito\mockito-junit-jupiter\3.3.3\mockito-junit-jupiter-3.3.3.jar;D:\server\mostMaven\org\skyscreamer\jsonassert\1.5.0\jsonassert-1.5.0.jar;D:\server\mostMaven\com\vaadin\external\google\android-json\0.0.20131108.vaadin1\android-json-0.0.20131108.vaadin1.jar;D:\server\mostMaven\org\springframework\spring-core\5.2.6.RELEASE\spring-core-5.2.6.RELEASE.jar;D:\server\mostMaven\org\springframework\spring-jcl\5.2.6.RELEASE\spring-jcl-5.2.6.RELEASE.jar;D:\server\mostMaven\org\springframework\spring-test\5.2.6.RELEASE\spring-test-5.2.6.RELEASE.jar;D:\server\mostMaven\org\xmlunit\xmlunit-core\2.7.0\xmlunit-core-2.7.0.jar;"/>
    <property name="java.vm.vendor" value="Oracle Corporation"/>
    <property name="sun.arch.data.model" value="64"/>
    <property name="user.variant" value=""/>
    <property name="java.vendor.url" value="http://java.oracle.com/"/>
    <property name="user.timezone" value="Asia/Shanghai"/>
    <property name="java.vm.specification.version" value="1.8"/>
    <property name="os.name" value="Windows 10"/>
    <property name="user.country" value="CN"/>
    <property name="sun.java.launcher" value="SUN_STANDARD"/>
    <property name="sun.boot.library.path" value="C:\Program Files\Java\jdk1.8.0_221\jre\bin"/>
    <property name="sun.java.command" value="C:\Users\LTH\AppData\Local\Temp\surefire3542734927028124105\surefirebooter5813989240605912714.jar C:\Users\LTH\AppData\Local\Temp\surefire3542734927028124105 2023-08-22T22-23-48_105-jvmRun1 surefire3008846649822569529tmp surefire_01779319934210370967tmp"/>
    <property name="surefire.test.class.path" value="D:\workspaceforIdea\pay\target\test-classes;D:\workspaceforIdea\pay\target\classes;D:\server\mostMaven\org\springframework\boot\spring-boot-starter-data-redis\2.3.0.RELEASE\spring-boot-starter-data-redis-2.3.0.RELEASE.jar;D:\server\mostMaven\org\springframework\boot\spring-boot-starter\2.3.0.RELEASE\spring-boot-starter-2.3.0.RELEASE.jar;D:\server\mostMaven\org\springframework\boot\spring-boot-starter-logging\2.3.0.RELEASE\spring-boot-starter-logging-2.3.0.RELEASE.jar;D:\server\mostMaven\ch\qos\logback\logback-classic\1.2.3\logback-classic-1.2.3.jar;D:\server\mostMaven\ch\qos\logback\logback-core\1.2.3\logback-core-1.2.3.jar;D:\server\mostMaven\org\apache\logging\log4j\log4j-to-slf4j\2.13.2\log4j-to-slf4j-2.13.2.jar;D:\server\mostMaven\org\apache\logging\log4j\log4j-api\2.13.2\log4j-api-2.13.2.jar;D:\server\mostMaven\org\slf4j\jul-to-slf4j\1.7.30\jul-to-slf4j-1.7.30.jar;D:\server\mostMaven\jakarta\annotation\jakarta.annotation-api\1.3.5\jakarta.annotation-api-1.3.5.jar;D:\server\mostMaven\org\yaml\snakeyaml\1.26\snakeyaml-1.26.jar;D:\server\mostMaven\org\springframework\data\spring-data-redis\2.3.0.RELEASE\spring-data-redis-2.3.0.RELEASE.jar;D:\server\mostMaven\org\springframework\data\spring-data-keyvalue\2.3.0.RELEASE\spring-data-keyvalue-2.3.0.RELEASE.jar;D:\server\mostMaven\org\springframework\data\spring-data-commons\2.3.0.RELEASE\spring-data-commons-2.3.0.RELEASE.jar;D:\server\mostMaven\org\springframework\spring-tx\5.2.6.RELEASE\spring-tx-5.2.6.RELEASE.jar;D:\server\mostMaven\org\springframework\spring-oxm\5.2.6.RELEASE\spring-oxm-5.2.6.RELEASE.jar;D:\server\mostMaven\org\springframework\spring-aop\5.2.6.RELEASE\spring-aop-5.2.6.RELEASE.jar;D:\server\mostMaven\org\springframework\spring-context-support\5.2.6.RELEASE\spring-context-support-5.2.6.RELEASE.jar;D:\server\mostMaven\org\slf4j\slf4j-api\1.7.30\slf4j-api-1.7.30.jar;D:\server\mostMaven\io\lettuce\lettuce-core\5.3.0.RELEASE\lettuce-core-5.3.0.RELEASE.jar;D:\server\mostMaven\io\netty\netty-common\4.1.49.Final\netty-common-4.1.49.Final.jar;D:\server\mostMaven\io\netty\netty-handler\4.1.49.Final\netty-handler-4.1.49.Final.jar;D:\server\mostMaven\io\netty\netty-resolver\4.1.49.Final\netty-resolver-4.1.49.Final.jar;D:\server\mostMaven\io\netty\netty-buffer\4.1.49.Final\netty-buffer-4.1.49.Final.jar;D:\server\mostMaven\io\netty\netty-codec\4.1.49.Final\netty-codec-4.1.49.Final.jar;D:\server\mostMaven\io\netty\netty-transport\4.1.49.Final\netty-transport-4.1.49.Final.jar;D:\server\mostMaven\io\projectreactor\reactor-core\3.3.5.RELEASE\reactor-core-3.3.5.RELEASE.jar;D:\server\mostMaven\org\reactivestreams\reactive-streams\1.0.3\reactive-streams-1.0.3.jar;D:\server\mostMaven\org\springframework\boot\spring-boot-starter-web\2.3.0.RELEASE\spring-boot-starter-web-2.3.0.RELEASE.jar;D:\server\mostMaven\org\springframework\boot\spring-boot-starter-json\2.3.0.RELEASE\spring-boot-starter-json-2.3.0.RELEASE.jar;D:\server\mostMaven\com\fasterxml\jackson\core\jackson-databind\2.11.0\jackson-databind-2.11.0.jar;D:\server\mostMaven\com\fasterxml\jackson\core\jackson-annotations\2.11.0\jackson-annotations-2.11.0.jar;D:\server\mostMaven\com\fasterxml\jackson\core\jackson-core\2.11.0\jackson-core-2.11.0.jar;D:\server\mostMaven\com\fasterxml\jackson\datatype\jackson-datatype-jdk8\2.11.0\jackson-datatype-jdk8-2.11.0.jar;D:\server\mostMaven\com\fasterxml\jackson\datatype\jackson-datatype-jsr310\2.11.0\jackson-datatype-jsr310-2.11.0.jar;D:\server\mostMaven\com\fasterxml\jackson\module\jackson-module-parameter-names\2.11.0\jackson-module-parameter-names-2.11.0.jar;D:\server\mostMaven\org\springframework\boot\spring-boot-starter-tomcat\2.3.0.RELEASE\spring-boot-starter-tomcat-2.3.0.RELEASE.jar;D:\server\mostMaven\org\apache\tomcat\embed\tomcat-embed-core\9.0.35\tomcat-embed-core-9.0.35.jar;D:\server\mostMaven\org\glassfish\jakarta.el\3.0.3\jakarta.el-3.0.3.jar;D:\server\mostMaven\org\apache\tomcat\embed\tomcat-embed-websocket\9.0.35\tomcat-embed-websocket-9.0.35.jar;D:\server\mostMaven\org\springframework\spring-web\5.2.6.RELEASE\spring-web-5.2.6.RELEASE.jar;D:\server\mostMaven\org\springframework\spring-beans\5.2.6.RELEASE\spring-beans-5.2.6.RELEASE.jar;D:\server\mostMaven\org\springframework\spring-webmvc\5.2.6.RELEASE\spring-webmvc-5.2.6.RELEASE.jar;D:\server\mostMaven\org\springframework\spring-context\5.2.6.RELEASE\spring-context-5.2.6.RELEASE.jar;D:\server\mostMaven\org\springframework\spring-expression\5.2.6.RELEASE\spring-expression-5.2.6.RELEASE.jar;D:\server\mostMaven\org\springframework\boot\spring-boot-devtools\2.3.0.RELEASE\spring-boot-devtools-2.3.0.RELEASE.jar;D:\server\mostMaven\org\springframework\boot\spring-boot\2.3.0.RELEASE\spring-boot-2.3.0.RELEASE.jar;D:\server\mostMaven\org\springframework\boot\spring-boot-autoconfigure\2.3.0.RELEASE\spring-boot-autoconfigure-2.3.0.RELEASE.jar;D:\server\mostMaven\com\mysql\mysql-connector-j\8.1.0\mysql-connector-j-8.1.0.jar;D:\server\mostMaven\com\google\protobuf\protobuf-java\3.21.9\protobuf-java-3.21.9.jar;D:\server\mostMaven\org\projectlombok\lombok\1.18.12\lombok-1.18.12.jar;D:\server\mostMaven\org\springframework\boot\spring-boot-starter-test\2.3.0.RELEASE\spring-boot-starter-test-2.3.0.RELEASE.jar;D:\server\mostMaven\org\springframework\boot\spring-boot-test\2.3.0.RELEASE\spring-boot-test-2.3.0.RELEASE.jar;D:\server\mostMaven\org\springframework\boot\spring-boot-test-autoconfigure\2.3.0.RELEASE\spring-boot-test-autoconfigure-2.3.0.RELEASE.jar;D:\server\mostMaven\com\jayway\jsonpath\json-path\2.4.0\json-path-2.4.0.jar;D:\server\mostMaven\net\minidev\json-smart\2.3\json-smart-2.3.jar;D:\server\mostMaven\net\minidev\accessors-smart\1.2\accessors-smart-1.2.jar;D:\server\mostMaven\org\ow2\asm\asm\5.0.4\asm-5.0.4.jar;D:\server\mostMaven\jakarta\xml\bind\jakarta.xml.bind-api\2.3.3\jakarta.xml.bind-api-2.3.3.jar;D:\server\mostMaven\jakarta\activation\jakarta.activation-api\1.2.2\jakarta.activation-api-1.2.2.jar;D:\server\mostMaven\org\assertj\assertj-core\3.16.1\assertj-core-3.16.1.jar;D:\server\mostMaven\org\hamcrest\hamcrest\2.2\hamcrest-2.2.jar;D:\server\mostMaven\org\junit\jupiter\junit-jupiter\5.6.2\junit-jupiter-5.6.2.jar;D:\server\mostMaven\org\junit\jupiter\junit-jupiter-api\5.6.2\junit-jupiter-api-5.6.2.jar;D:\server\mostMaven\org\opentest4j\opentest4j\1.2.0\opentest4j-1.2.0.jar;D:\server\mostMaven\org\junit\platform\junit-platform-commons\1.6.2\junit-platform-commons-1.6.2.jar;D:\server\mostMaven\org\junit\jupiter\junit-jupiter-params\5.6.2\junit-jupiter-params-5.6.2.jar;D:\server\mostMaven\org\junit\jupiter\junit-jupiter-engine\5.6.2\junit-jupiter-engine-5.6.2.jar;D:\server\mostMaven\org\junit\vintage\junit-vintage-engine\5.6.2\junit-vintage-engine-5.6.2.jar;D:\server\mostMaven\org\apiguardian\apiguardian-api\1.1.0\apiguardian-api-1.1.0.jar;D:\server\mostMaven\org\junit\platform\junit-platform-engine\1.6.2\junit-platform-engine-1.6.2.jar;D:\server\mostMaven\junit\junit\4.13\junit-4.13.jar;D:\server\mostMaven\org\mockito\mockito-core\3.3.3\mockito-core-3.3.3.jar;D:\server\mostMaven\net\bytebuddy\byte-buddy\1.10.10\byte-buddy-1.10.10.jar;D:\server\mostMaven\net\bytebuddy\byte-buddy-agent\1.10.10\byte-buddy-agent-1.10.10.jar;D:\server\mostMaven\org\objenesis\objenesis\2.6\objenesis-2.6.jar;D:\server\mostMaven\org\mockito\mockito-junit-jupiter\3.3.3\mockito-junit-jupiter-3.3.3.jar;D:\server\mostMaven\org\skyscreamer\jsonassert\1.5.0\jsonassert-1.5.0.jar;D:\server\mostMaven\com\vaadin\external\google\android-json\0.0.20131108.vaadin1\android-json-0.0.20131108.vaadin1.jar;D:\server\mostMaven\org\springframework\spring-core\5.2.6.RELEASE\spring-core-5.2.6.RELEASE.jar;D:\server\mostMaven\org\springframework\spring-jcl\5.2.6.RELEASE\spring-jcl-5.2.6.RELEASE.jar;D:\server\mostMaven\org\springframework\spring-test\5.2.6.RELEASE\spring-test-5.2.6.RELEASE.jar;D:\server\mostMaven\org\xmlunit\xmlunit-core\2.7.0\xmlunit-core-2.7.0.jar;"/>
    <property name="sun.cpu.endian" value="little"/>
    <property name="user.home" value="C:\Users\LTH"/>
    <property name="user.language" value="zh"/>
    <property name="java.specification.vendor" value="Oracle Corporation"/>
    <property name="java.home" value="C:\Program Files\Java\jdk1.8.0_221\jre"/>
    <property name="basedir" value="D:\workspaceforIdea\pay"/>
    <property name="file.separator" value="\"/>
    <property name="line.separator" value="&#10;"/>
    <property name="java.vm.specification.vendor" value="Oracle Corporation"/>
    <property name="java.specification.name" value="Java Platform API Specification"/>
    <property name="java.awt.graphicsenv" value="sun.awt.Win32GraphicsEnvironment"/>
    <property name="surefire.real.class.path" value="C:\Users\LTH\AppData\Local\Temp\surefire3542734927028124105\surefirebooter5813989240605912714.jar"/>
    <property name="sun.boot.class.path" value="C:\Program Files\Java\jdk1.8.0_221\jre\lib\resources.jar;C:\Program Files\Java\jdk1.8.0_221\jre\lib\rt.jar;C:\Program Files\Java\jdk1.8.0_221\jre\lib\sunrsasign.jar;C:\Program Files\Java\jdk1.8.0_221\jre\lib\jsse.jar;C:\Program Files\Java\jdk1.8.0_221\jre\lib\jce.jar;C:\Program Files\Java\jdk1.8.0_221\jre\lib\charsets.jar;C:\Program Files\Java\jdk1.8.0_221\jre\lib\jfr.jar;C:\Program Files\Java\jdk1.8.0_221\jre\classes"/>
    <property name="user.script" value=""/>
    <property name="sun.management.compiler" value="HotSpot 64-Bit Tiered Compilers"/>
    <property name="java.runtime.version" value="1.8.0_221-b11"/>
    <property name="user.name" value="LTH"/>
    <property name="path.separator" value=";"/>
    <property name="os.version" value="10.0"/>
    <property name="java.endorsed.dirs" value="C:\Program Files\Java\jdk1.8.0_221\jre\lib\endorsed"/>
    <property name="java.runtime.name" value="Java(TM) SE Runtime Environment"/>
    <property name="file.encoding" value="GBK"/>
    <property name="java.vm.name" value="Java HotSpot(TM) 64-Bit Server VM"/>
    <property name="localRepository" value="D:\server\mostMaven"/>
    <property name="java.vendor.url.bug" value="http://bugreport.sun.com/bugreport/"/>
    <property name="java.io.tmpdir" value="C:\Users\LTH\AppData\Local\Temp\"/>
    <property name="java.version" value="1.8.0_221"/>
    <property name="user.dir" value="D:\workspaceforIdea\pay"/>
    <property name="os.arch" value="amd64"/>
    <property name="java.vm.specification.name" value="Java Virtual Machine Specification"/>
    <property name="java.awt.printerjob" value="sun.awt.windows.WPrinterJob"/>
    <property name="idea.version2019.3.1" value="true"/>
    <property name="sun.os.patch.level" value=""/>
    <property name="java.library.path" value="C:\Program Files\Java\jdk1.8.0_221\jre\bin;C:\WINDOWS\Sun\Java\bin;C:\WINDOWS\system32;C:\WINDOWS;C:\Program Files (x86)\Common Files\Oracle\Java\javapath\System32;C:\WINDOWS\system32;C:\WINDOWS;C:\WINDOWS\System32\Wbem;C:\WINDOWS\System32\WindowsPowerShell\v1.0\;C:\WINDOWS\System32\OpenSSH\;C:\Program Files\Java\jdk1.8.0_221\bin;D:\Mysql\bin;D:\server\apache-maven-3.5.0\bin;D:\DevInstall\Subversion\bin;D:\server\erl10.0.1\bin;D:\software\;D:\server\;C:\Users\LTH\AppData\Local\Microsoft\WindowsApps;C:\Users\LTH\AppData\Local\GitHubDesktop\bin;D:\software\Microsoft VS Code\bin;C:\Users\LTH\AppData\Local\Microsoft\WindowsApps;C:\Users\LTH\AppData\Roaming\npm;."/>
    <property name="java.vm.info" value="mixed mode"/>
    <property name="java.vendor" value="Oracle Corporation"/>
    <property name="java.vm.version" value="25.221-b11"/>
    <property name="java.ext.dirs" value="C:\Program Files\Java\jdk1.8.0_221\jre\lib\ext;C:\WINDOWS\Sun\Java\lib\ext"/>
    <property name="sun.io.unicode.encoding" value="UnicodeLittle"/>
    <property name="maven.repo.local" value="D:\server\mostMaven"/>
    <property name="java.class.version" value="52.0"/>
  </properties>
  <testcase name="contextLoads" classname="com.cloud.lth.pay.PayApplicationTests" time="0.586"/>
</testsuite>